
> triptales-client@0.1.0 start
> react-scripts start

(node:43039) [DEP0176] DeprecationWarning: fs.F_OK is deprecated, use fs.constants.F_OK instead
(Use `node --trace-deprecation ...` to show where the warning was created)
(node:43039) [DEP_WEBPACK_DEV_SERVER_ON_AFTER_SETUP_MIDDLEWARE] DeprecationWarning: 'onAfterSetupMiddleware' option is deprecated. Please use the 'setupMiddlewares' option.
(node:43039) [DEP_WEBPACK_DEV_SERVER_ON_BEFORE_SETUP_MIDDLEWARE] DeprecationWarning: 'onBeforeSetupMiddleware' option is deprecated. Please use the 'setupMiddlewares' option.
Starting the development server...

Compiled with warnings.

[eslint] 
src/screens/ActivitySearch.js
  Line 25:6:  React Hook useEffect has a missing dependency: 'fetchActivities'. Either include it or remove the dependency array  react-hooks/exhaustive-deps

src/screens/Budget.js
  Line 14:6:  React Hook useEffect has a missing dependency: 'fetchBudget'. Either include it or remove the dependency array  react-hooks/exhaustive-deps

src/screens/Calendar.js
  Line 16:6:  React Hook useEffect has a missing dependency: 'fetchTrip'. Either include it or remove the dependency array  react-hooks/exhaustive-deps

src/screens/CitySearch.js
  Line 19:6:  React Hook useEffect has a missing dependency: 'fetchCities'. Either include it or remove the dependency array  react-hooks/exhaustive-deps

src/screens/ItineraryBuilder.js
  Line 24:6:  React Hook useEffect has a missing dependency: 'fetchTrip'. Either include it or remove the dependency array  react-hooks/exhaustive-deps

src/screens/ItineraryView.js
  Line 15:6:  React Hook useEffect has a missing dependency: 'fetchTrip'. Either include it or remove the dependency array  react-hooks/exhaustive-deps

src/screens/Profile.js
  Line 7:11:  'user' is assigned a value but never used  no-unused-vars

src/screens/PublicItinerary.js
  Line 13:6:  React Hook useEffect has a missing dependency: 'fetchTrip'. Either include it or remove the dependency array  react-hooks/exhaustive-deps

Search for the keywords to learn more about each warning.
To ignore, add // eslint-disable-next-line to the line before.

WARNING in [eslint] 
src/screens/ActivitySearch.js
  Line 25:6:  React Hook useEffect has a missing dependency: 'fetchActivities'. Either include it or remove the dependency array  react-hooks/exhaustive-deps

src/screens/Budget.js
  Line 14:6:  React Hook useEffect has a missing dependency: 'fetchBudget'. Either include it or remove the dependency array  react-hooks/exhaustive-deps

src/screens/Calendar.js
  Line 16:6:  React Hook useEffect has a missing dependency: 'fetchTrip'. Either include it or remove the dependency array  react-hooks/exhaustive-deps

src/screens/CitySearch.js
  Line 19:6:  React Hook useEffect has a missing dependency: 'fetchCities'. Either include it or remove the dependency array  react-hooks/exhaustive-deps

src/screens/ItineraryBuilder.js
  Line 24:6:  React Hook useEffect has a missing dependency: 'fetchTrip'. Either include it or remove the dependency array  react-hooks/exhaustive-deps

src/screens/ItineraryView.js
  Line 15:6:  React Hook useEffect has a missing dependency: 'fetchTrip'. Either include it or remove the dependency array  react-hooks/exhaustive-deps

src/screens/Profile.js
  Line 7:11:  'user' is assigned a value but never used  no-unused-vars

src/screens/PublicItinerary.js
  Line 13:6:  React Hook useEffect has a missing dependency: 'fetchTrip'. Either include it or remove the dependency array  react-hooks/exhaustive-deps

webpack compiled with 1 warning
(node:43039) [DEP0060] DeprecationWarning: The `util._extend` API is deprecated. Please use Object.assign() instead.
The build failed because the process exited too early. This probably means the system ran out of memory or someone called `kill -9` on the process.
